2024-07-02 16:23:24,447 INFO  [org.jboss.modules] (main) JBoss Modules version 1.11.0.Final
2024-07-02 16:23:32,174 INFO  [org.jboss.msc] (main) JBoss MSC version 1.4.12.Final
2024-07-02 16:23:32,204 INFO  [org.jboss.threads] (main) JBoss Threads version 2.4.0.Final
2024-07-02 16:23:32,527 INFO  [org.jboss.as] (MSC service thread 1-2) WFLYSRV0049: WildFly Full 23.0.2.Final (WildFly Core 15.0.1.Final) starting
2024-07-02 16:23:32,530 DEBUG [org.jboss.as.config] (MSC service thread 1-2) Configured system properties:
	file.encoding = UTF-8
	file.separator = \
	java.awt.headless = true
	java.class.path = C:\Users\vvatt\Documents\wildfly-23.0.2.Final\jboss-modules.jar
	java.class.version = 65.0
	java.home = C:\Users\vvatt\Downloads\sts-4.23.1.RELEASE\plugins\org.eclipse.justj.openjdk.hotspot.jre.full.win32.x86_64_21.0.3.v20240426-1530\jre
	java.io.tmpdir = C:\Users\vvatt\AppData\Local\Temp\
	java.library.path = C:\Users\vvatt\Downloads\sts-4.23.1.RELEASE\plugins\org.eclipse.justj.openjdk.hotspot.jre.full.win32.x86_64_21.0.3.v20240426-1530\jre\bin;C:\WINDOWS\Sun\Java\bin;C:\WINDOWS\system32;C:\WINDOWS;native;C:/Users/vvatt/Downloads/sts-4.23.1.RELEASE//plugins/org.eclipse.justj.openjdk.hotspot.jre.full.win32.x86_64_21.0.3.v20240426-1530/jre/bin/server;C:/Users/vvatt/Downloads/sts-4.23.1.RELEASE//plugins/org.eclipse.justj.openjdk.hotspot.jre.full.win32.x86_64_21.0.3.v20240426-1530/jre/bin;C:\Program Files\Common Files\Oracle\Java\javapath;C:\WINDOWS\system32;C:\WINDOWS;C:\WINDOWS\System32\Wbem;C:\WINDOWS\System32\WindowsPowerShell\v1.0\;C:\WINDOWS\System32\OpenSSH\;C:\Program Files\dotnet\;C:\Program Files\Java\jdk-17\bin;C:\Program Files\Git\cmd;C:\Users\vvatt\AppData\Local\Microsoft\WindowsApps;C:\Users\vvatt\Downloads\sts-4.23.1.RELEASE;;.
	java.net.preferIPv4Stack = true
	java.runtime.name = OpenJDK Runtime Environment
	java.runtime.version = 21.0.3+9-LTS
	java.specification.name = Java Platform API Specification
	java.specification.vendor = Oracle Corporation
	java.specification.version = 21
	java.util.logging.manager = org.jboss.logmanager.LogManager
	java.vendor = Eclipse Adoptium
	java.vendor.url = https://adoptium.net/
	java.vendor.url.bug = https://github.com/adoptium/adoptium-support/issues
	java.vendor.version = Temurin-21.0.3+9
	java.version = 21.0.3
	java.version.date = 2024-04-16
	java.vm.compressedOopsMode = 32-bit
	java.vm.info = mixed mode
	java.vm.name = OpenJDK 64-Bit Server VM
	java.vm.specification.name = Java Virtual Machine Specification
	java.vm.specification.vendor = Oracle Corporation
	java.vm.specification.version = 21
	java.vm.vendor = Eclipse Adoptium
	java.vm.version = 21.0.3+9-LTS
	javax.management.builder.initial = org.jboss.as.jmx.PluggableMBeanServerBuilder
	jboss.bind.address = localhost
	jboss.bind.address.management = localhost
	jboss.home.dir = C:\Users\vvatt\Documents\wildfly-23.0.2.Final
	jboss.host.name = desktop-26ouf6b
	jboss.modules.dir = C:\Users\vvatt\Documents\wildfly-23.0.2.Final\modules
	jboss.modules.system.pkgs = org.jboss.byteman
	jboss.node.name = desktop-26ouf6b
	jboss.qualified.host.name = desktop-26ouf6b
	jboss.server.base.dir = C:\Users\vvatt\Documents\wildfly-23.0.2.Final\standalone
	jboss.server.config.dir = C:\Users\vvatt\Documents\wildfly-23.0.2.Final\standalone\configuration
	jboss.server.data.dir = C:\Users\vvatt\Documents\wildfly-23.0.2.Final\standalone\data
	jboss.server.deploy.dir = C:\Users\vvatt\Documents\wildfly-23.0.2.Final\standalone\data\content
	jboss.server.log.dir = C:\Users\vvatt\Documents\wildfly-23.0.2.Final\standalone\log
	jboss.server.name = desktop-26ouf6b
	jboss.server.persist.config = true
	jboss.server.temp.dir = C:\Users\vvatt\Documents\wildfly-23.0.2.Final\standalone\tmp
	jdk.debug = release
	line.separator = 

	logging.configuration = file:C:\Users\vvatt\Documents\wildfly-23.0.2.Final\standalone\configuration\logging.properties
	module.path = C:\Users\vvatt\Documents\wildfly-23.0.2.Final\modules
	native.encoding = Cp1252
	org.jboss.boot.log.file = C:\Users\vvatt\Documents\wildfly-23.0.2.Final\standalone\log\boot.log
	org.jboss.logmanager.nocolor = true
	org.jboss.resolver.warning = true
	os.arch = amd64
	os.name = Windows 11
	os.version = 10.0
	path.separator = ;
	program.name = JBossTools: WildFly 23
	stderr.encoding = UTF-8
	stdout.encoding = UTF-8
	sun.arch.data.model = 64
	sun.boot.library.path = C:\Users\vvatt\Downloads\sts-4.23.1.RELEASE\plugins\org.eclipse.justj.openjdk.hotspot.jre.full.win32.x86_64_21.0.3.v20240426-1530\jre\bin
	sun.cpu.endian = little
	sun.cpu.isalist = amd64
	sun.io.unicode.encoding = UnicodeLittle
	sun.java.command = org.jboss.modules.Main -mp C:\Users\vvatt\Documents\wildfly-23.0.2.Final\modules org.jboss.as.standalone -b localhost --server-config=standalone.xml -Djboss.server.base.dir=C:\Users\vvatt\Documents\wildfly-23.0.2.Final\standalone
	sun.java.launcher = SUN_STANDARD
	sun.jnu.encoding = Cp1252
	sun.management.compiler = HotSpot 64-Bit Tiered Compilers
	sun.os.patch.level = 
	sun.rmi.dgc.client.gcInterval = 3600000
	sun.rmi.dgc.server.gcInterval = 3600000
	user.country = BR
	user.dir = C:\Users\vvatt\Documents\wildfly-23.0.2.Final\bin
	user.home = C:\Users\vvatt
	user.language = pt
	user.name = vvatt
	user.script = 
	user.timezone = America/Sao_Paulo
	user.variant = 
2024-07-02 16:23:32,538 DEBUG [org.jboss.as.config] (MSC service thread 1-2) VM Arguments: -Dprogram.name=JBossTools: WildFly 23 -Xms64m -Xmx512m -Dorg.jboss.resolver.warning=true -Djava.net.preferIPv4Stack=true -Dsun.rmi.dgc.client.gcInterval=3600000 -Dsun.rmi.dgc.server.gcInterval=3600000 -Djboss.modules.system.pkgs=org.jboss.byteman -Djava.awt.headless=true -Dorg.jboss.boot.log.file=C:\Users\vvatt\Documents\wildfly-23.0.2.Final\standalone\log\boot.log -Dlogging.configuration=file:C:\Users\vvatt\Documents\wildfly-23.0.2.Final\standalone\configuration\logging.properties -Djboss.home.dir=C:\Users\vvatt\Documents\wildfly-23.0.2.Final -Dorg.jboss.logmanager.nocolor=true --add-exports=java.desktop/sun.awt=ALL-UNNAMED --add-exports=java.naming/com.sun.jndi.ldap=ALL-UNNAMED --add-opens=java.base/java.lang=ALL-UNNAMED --add-opens=java.base/java.lang.invoke=ALL-UNNAMED --add-opens=java.base/java.lang.reflect=ALL-UNNAMED --add-opens=java.base/java.io=ALL-UNNAMED --add-opens=java.base/java.security=ALL-UNNAMED --add-opens=java.base/java.util=ALL-UNNAMED --add-opens=java.base/java.util.concurrent=ALL-UNNAMED --add-opens=java.management/javax.management=ALL-UNNAMED --add-opens=java.naming/javax.naming=ALL-UNNAMED --add-exports=java.base/sun.nio.ch=ALL-UNNAMED --add-exports=jdk.unsupported/sun.misc=ALL-UNNAMED --add-exports=jdk.unsupported/sun.reflect=ALL-UNNAMED --add-modules=java.se -Djboss.bind.address.management=localhost -Dfile.encoding=UTF-8 -Dstdout.encoding=UTF-8 -Dstderr.encoding=UTF-8 -XX:+ShowCodeDetailsInExceptionMessages 
2024-07-02 16:23:35,901 INFO  [org.wildfly.security] (ServerService Thread Pool -- 28) ELY00001: WildFly Elytron version 1.15.3.Final
2024-07-02 16:23:45,394 INFO  [org.jboss.as.controller.management-deprecated] (ServerService Thread Pool -- 14) WFLYCTL0033: Extension 'security' is deprecated and may not be supported in future versions
2024-07-02 16:23:47,705 INFO  [org.jboss.as.controller.management-deprecated] (Controller Boot Thread) WFLYCTL0028: Attribute 'security-realm' in the resource at address '/core-service=management/management-interface=http-interface' is deprecated, and may be removed in a future version. See the attribute description in the output of the read-resource-description operation to learn more about the deprecation.
2024-07-02 16:23:47,759 INFO  [org.jboss.as.controller.management-deprecated] (ServerService Thread Pool -- 20) WFLYCTL0028: Attribute 'security-realm' in the resource at address '/subsystem=undertow/server=default-server/https-listener=https' is deprecated, and may be removed in a future version. See the attribute description in the output of the read-resource-description operation to learn more about the deprecation.
2024-07-02 16:23:47,880 INFO  [org.jboss.as.server] (Controller Boot Thread) WFLYSRV0039: Creating http management service using socket-binding (management-http)
2024-07-02 16:23:47,912 INFO  [org.xnio] (MSC service thread 1-6) XNIO version 3.8.4.Final
2024-07-02 16:23:47,927 INFO  [org.xnio.nio] (MSC service thread 1-6) XNIO NIO Implementation Version 3.8.4.Final
2024-07-02 16:23:48,009 WARN  [org.jboss.as.txn] (ServerService Thread Pool -- 74) WFLYTX0013: The node-identifier attribute on the /subsystem=transactions is set to the default value. This is a danger for environments running multiple servers. Please make sure the attribute value is unique.
2024-07-02 16:23:48,032 INFO  [org.wildfly.extension.io] (ServerService Thread Pool -- 54) WFLYIO001: Worker 'default' has auto-configured to 8 IO threads with 64 max task threads based on your 4 available processors
2024-07-02 16:23:48,032 INFO  [org.wildfly.extension.microprofile.jwt.smallrye._private] (ServerService Thread Pool -- 64) WFLYJWT0001: Activating WildFly MicroProfile JWT Subsystem
2024-07-02 16:23:48,046 INFO  [org.wildfly.extension.health] (ServerService Thread Pool -- 52) WFLYHEALTH0001: Activating Base Health Subsystem
2024-07-02 16:23:48,052 INFO  [org.jboss.as.clustering.infinispan] (ServerService Thread Pool -- 53) WFLYCLINF0001: Activating Infinispan subsystem.
2024-07-02 16:23:48,059 INFO  [org.wildfly.extension.microprofile.opentracing] (ServerService Thread Pool -- 65) WFLYTRACEXT0001: Activating MicroProfile OpenTracing Subsystem
2024-07-02 16:23:48,063 INFO  [org.jboss.as.security] (ServerService Thread Pool -- 72) WFLYSEC0002: Activating Security Subsystem
2024-07-02 16:23:48,074 INFO  [org.jboss.as.security] (MSC service thread 1-8) WFLYSEC0001: Current PicketBox version=5.0.3.Final-redhat-00007
2024-07-02 16:23:48,101 INFO  [org.jboss.as.webservices] (ServerService Thread Pool -- 76) WFLYWS0002: Activating WebServices Extension
2024-07-02 16:23:48,120 INFO  [org.wildfly.extension.metrics] (ServerService Thread Pool -- 62) WFLYMETRICS0001: Activating Base Metrics Subsystem
2024-07-02 16:23:48,115 INFO  [org.wildfly.extension.microprofile.config.smallrye._private] (ServerService Thread Pool -- 63) WFLYCONF0001: Activating WildFly MicroProfile Config Subsystem
2024-07-02 16:23:48,199 INFO  [org.jboss.as.naming] (ServerService Thread Pool -- 66) WFLYNAM0001: Activating Naming Subsystem
2024-07-02 16:23:48,223 INFO  [org.jboss.as.jsf] (ServerService Thread Pool -- 60) WFLYJSF0007: Activated the following Jakarta Server Faces Implementations: [main]
2024-07-02 16:23:48,294 INFO  [org.jboss.as.connector] (MSC service thread 1-6) WFLYJCA0009: Starting Jakarta Connectors Subsystem (WildFly/IronJacamar 1.4.27.Final)
2024-07-02 16:23:48,372 INFO  [org.jboss.remoting] (MSC service thread 1-3) JBoss Remoting version 5.0.20.Final
2024-07-02 16:23:48,438 INFO  [org.jboss.as.connector.subsystems.datasources] (ServerService Thread Pool -- 44) WFLYJCA0004: Deploying JDBC-compliant driver class org.h2.Driver (version 1.4)
2024-07-02 16:23:48,474 INFO  [org.jboss.as.naming] (MSC service thread 1-2) WFLYNAM0003: Starting Naming Service
2024-07-02 16:23:48,497 INFO  [org.jboss.as.mail.extension] (MSC service thread 1-2) WFLYMAIL0001: Bound mail session [java:jboss/mail/Default]
2024-07-02 16:23:48,514 INFO  [org.jboss.as.connector.deployers.jdbc] (MSC service thread 1-7) WFLYJCA0018: Started Driver service with driver-name = h2
2024-07-02 16:23:48,531 WARN  [org.wildfly.extension.elytron] (MSC service thread 1-5) WFLYELY00023: KeyStore file 'C:\Users\vvatt\Documents\wildfly-23.0.2.Final\standalone\configuration\application.keystore' does not exist. Used blank.
2024-07-02 16:23:48,596 INFO  [org.wildfly.extension.undertow] (MSC service thread 1-2) WFLYUT0003: Undertow 2.2.5.Final starting
2024-07-02 16:23:48,600 WARN  [org.wildfly.extension.elytron] (MSC service thread 1-7) WFLYELY01084: KeyStore C:\Users\vvatt\Documents\wildfly-23.0.2.Final\standalone\configuration\application.keystore not found, it will be auto generated on first use with a self-signed certificate for host localhost
2024-07-02 16:23:48,841 INFO  [org.jboss.as.ejb3] (MSC service thread 1-4) WFLYEJB0482: Strict pool mdb-strict-max-pool is using a max instance size of 16 (per class), which is derived from the number of CPUs on this host.
2024-07-02 16:23:48,843 INFO  [org.jboss.as.ejb3] (MSC service thread 1-5) WFLYEJB0481: Strict pool slsb-strict-max-pool is using a max instance size of 64 (per class), which is derived from thread worker pool sizing.
2024-07-02 16:23:48,958 INFO  [org.wildfly.extension.undertow] (ServerService Thread Pool -- 75) WFLYUT0014: Creating file handler for path 'C:\Users\vvatt\Documents\wildfly-23.0.2.Final/welcome-content' with options [directory-listing: 'false', follow-symlink: 'false', case-sensitive: 'true', safe-symlink-paths: '[]']
2024-07-02 16:23:49,003 INFO  [org.wildfly.extension.undertow] (MSC service thread 1-2) WFLYUT0012: Started server default-server.
2024-07-02 16:23:49,009 INFO  [org.wildfly.extension.undertow] (MSC service thread 1-3) Queuing requests.
2024-07-02 16:23:49,013 INFO  [org.wildfly.extension.undertow] (MSC service thread 1-3) WFLYUT0018: Host default-host starting
2024-07-02 16:23:49,352 INFO  [org.jboss.as.ejb3] (MSC service thread 1-4) WFLYEJB0493: Jakarta Enterprise Beans subsystem suspension complete
2024-07-02 16:23:49,386 INFO  [org.wildfly.extension.undertow] (MSC service thread 1-2) WFLYUT0006: Undertow HTTP listener default listening on 127.0.0.1:8080
2024-07-02 16:23:49,484 INFO  [org.jboss.as.connector.subsystems.datasources] (MSC service thread 1-6) WFLYJCA0001: Bound data source [java:jboss/datasources/ExampleDS]
2024-07-02 16:23:49,805 INFO  [org.jboss.as.jaxrs] (ServerService Thread Pool -- 55) WFLYRS0016: RESTEasy version 3.15.1.Final
2024-07-02 16:23:59,034 INFO  [org.jboss.as.patching] (MSC service thread 1-2) WFLYPAT0050: WildFly Full cumulative patch ID is: base, one-off patches include: none
2024-07-02 16:23:59,059 WARN  [org.jboss.as.domain.management.security] (MSC service thread 1-1) WFLYDM0111: Keystore C:\Users\vvatt\Documents\wildfly-23.0.2.Final\standalone\configuration\application.keystore not found, it will be auto generated on first use with a self signed certificate for host localhost
